<?xml version="1.0" encoding="UTF-8"?>
<!-- Generated by org.testng.reporters.JUnitReportReporter -->
<testsuite skipped="0" hostname="DESKTOP-LVGRQ1M" name="Com.acti.Pages.LoginPage" tests="1" failures="0" timestamp="2019-11-25T20:04:08 EST" time="21.599" errors="0">
  <testcase name="intiBrowser" time="21.599" classname="Com.acti.Pages.LoginPage"/>
</testsuite> <!-- Com.acti.Pages.LoginPage -->
